bashdebugoff()
bashdebugon()
bashlynx()
cmdsed () 
cv ()
d2b()
d2h()
d2o()
demobash()
float_evald()
float_evaldv()
float_evali()
float_evaliv()
float_evalr()
float_evalrv()
fortdown ()
leap () 
list()
mattranspose()
mkdircd()
pathadd () 
pathaddmul () 
pathappend () 
pathcat () 
pathcatne () 
pathdeldup () 
pathexpandtilde ()  
pathpart () 
pathprepend () 
pathremove () 
plot ()
printcolor () 
problist()
s2lib () 
statblk()
strpush() 
strpushv()
validdate () 
vsd ()
w3git ()
w3lynx ()
w3sed () 
w3wget ()
zeropad()
